[debug] [2023-12-01T12:34:06.208Z] ----------------------------------------------------------------------
[debug] [2023-12-01T12:34:06.209Z] Command:       /usr/local/bin/node /Users/ismailsalah/.npm-global/bin/firebase deploy
[debug] [2023-12-01T12:34:06.209Z] CLI Version:   12.7.0
[debug] [2023-12-01T12:34:06.209Z] Platform:      darwin
[debug] [2023-12-01T12:34:06.209Z] Node Version:  v18.18.2
[debug] [2023-12-01T12:34:06.210Z] Time:          Fri Dec 01 2023 15:34:06 GMT+0300 (GMT+03:00)
[debug] [2023-12-01T12:34:06.210Z] ----------------------------------------------------------------------
[debug] 
[debug] [2023-12-01T12:34:06.211Z] >>> [apiv2][query] GET https://firebase-public.firebaseio.com/cli.json [none]
[debug] [2023-12-01T12:34:06.259Z] > command requires scopes: ["email","openid","https://www.googleapis.com/auth/cloudplatformprojects.readonly","https://www.googleapis.com/auth/firebase","https://www.googleapis.com/auth/cloud-platform"]
[debug] [2023-12-01T12:34:06.259Z] > authorizing via signed-in user (ismail.merced3@gmail.com)
[debug] [2023-12-01T12:34:06.260Z] [iam] checking project quality-team-857ee for permissions ["firebase.projects.get","firebasehosting.sites.update"]
[debug] [2023-12-01T12:34:06.260Z] > refreshing access token with scopes: []
[debug] [2023-12-01T12:34:06.260Z] >>> [apiv2][query] POST https://www.googleapis.com/oauth2/v3/token [none]
[debug] [2023-12-01T12:34:06.260Z] >>> [apiv2][body] POST https://www.googleapis.com/oauth2/v3/token [omitted]
[debug] [2023-12-01T12:34:07.573Z] <<< [apiv2][status] POST https://www.googleapis.com/oauth2/v3/token 200
[debug] [2023-12-01T12:34:07.573Z] <<< [apiv2][body] POST https://www.googleapis.com/oauth2/v3/token [omitted]
[debug] [2023-12-01T12:34:07.590Z] >>> [apiv2][query] POST https://cloudresourcemanager.googleapis.com/v1/projects/quality-team-857ee:testIamPermissions [none]
[debug] [2023-12-01T12:34:07.590Z] >>> [apiv2][(partial)header] POST https://cloudresourcemanager.googleapis.com/v1/projects/quality-team-857ee:testIamPermissions x-goog-quota-user=projects/quality-team-857ee
[debug] [2023-12-01T12:34:07.590Z] >>> [apiv2][body] POST https://cloudresourcemanager.googleapis.com/v1/projects/quality-team-857ee:testIamPermissions {"permissions":["firebase.projects.get","firebasehosting.sites.update"]}
[debug] [2023-12-01T12:34:07.988Z] <<< [apiv2][status] GET https://firebase-public.firebaseio.com/cli.json 200
[debug] [2023-12-01T12:34:07.988Z] <<< [apiv2][body] GET https://firebase-public.firebaseio.com/cli.json {"cloudBuildErrorAfter":1594252800000,"cloudBuildWarnAfter":1590019200000,"defaultNode10After":1594252800000,"minVersion":"3.0.5","node8DeploysDisabledAfter":1613390400000,"node8RuntimeDisabledAfter":1615809600000,"node8WarnAfter":1600128000000}
[debug] [2023-12-01T12:34:08.677Z] <<< [apiv2][status] POST https://cloudresourcemanager.googleapis.com/v1/projects/quality-team-857ee:testIamPermissions 200
[debug] [2023-12-01T12:34:08.678Z] <<< [apiv2][body] POST https://cloudresourcemanager.googleapis.com/v1/projects/quality-team-857ee:testIamPermissions {"permissions":["firebase.projects.get","firebasehosting.sites.update"]}
[debug] [2023-12-01T12:34:08.680Z] >>> [apiv2][query] GET https://firebase.googleapis.com/v1beta1/projects/quality-team-857ee [none]
[debug] [2023-12-01T12:34:09.139Z] <<< [apiv2][status] GET https://firebase.googleapis.com/v1beta1/projects/quality-team-857ee 200
[debug] [2023-12-01T12:34:09.139Z] <<< [apiv2][body] GET https://firebase.googleapis.com/v1beta1/projects/quality-team-857ee {"projectId":"quality-team-857ee","projectNumber":"378728899236","displayName":"quality-team","name":"projects/quality-team-857ee","resources":{"hostingSite":"quality-team-857ee"},"state":"ACTIVE","etag":"1_8a109eaf-f78e-4a95-a190-b40eafda856b"}
[debug] [2023-12-01T12:34:10.149Z] >>> [apiv2][query] GET https://firebasehosting.googleapis.com/v1beta1/projects/quality-team-857ee/sites pageToken=&pageSize=10
[debug] [2023-12-01T12:34:11.548Z] <<< [apiv2][status] GET https://firebasehosting.googleapis.com/v1beta1/projects/quality-team-857ee/sites 200
[debug] [2023-12-01T12:34:11.548Z] <<< [apiv2][body] GET https://firebasehosting.googleapis.com/v1beta1/projects/quality-team-857ee/sites {"sites":[{"name":"projects/quality-team-857ee/sites/quality-team-857ee","defaultUrl":"https://quality-team-857ee.web.app","type":"DEFAULT_SITE"}]}
[debug] [2023-12-01T12:34:11.549Z] >>> [apiv2][query] GET https://firebasehosting.googleapis.com/v1beta1/projects/quality-team-857ee/sites 
[debug] [2023-12-01T12:34:12.765Z] <<< [apiv2][status] GET https://firebasehosting.googleapis.com/v1beta1/projects/quality-team-857ee/sites 200
[debug] [2023-12-01T12:34:12.765Z] <<< [apiv2][body] GET https://firebasehosting.googleapis.com/v1beta1/projects/quality-team-857ee/sites {"sites":[{"name":"projects/quality-team-857ee/sites/quality-team-857ee","defaultUrl":"https://quality-team-857ee.web.app","type":"DEFAULT_SITE"}]}
[debug] [2023-12-01T12:34:12.766Z] >>> [apiv2][query] GET https://firebase.googleapis.com/v1beta1/projects/quality-team-857ee/webApps/-/config [none]
[debug] [2023-12-01T12:34:14.011Z] <<< [apiv2][status] GET https://firebase.googleapis.com/v1beta1/projects/quality-team-857ee/webApps/-/config 200
[debug] [2023-12-01T12:34:14.011Z] <<< [apiv2][body] GET https://firebase.googleapis.com/v1beta1/projects/quality-team-857ee/webApps/-/config {"projectId":"quality-team-857ee","appId":"1:378728899236:web:1a13bde80d804fd3f6bc31","storageBucket":"quality-team-857ee.appspot.com","apiKey":"AIzaSyBpHtg2vsUZEU52uiImlT3cp0uemfBijpk","authDomain":"quality-team-857ee.firebaseapp.com","messagingSenderId":"378728899236","measurementId":"G-WDTC6N17X4"}
[info] 
   Thank you for trying our early preview of Next.js support on Firebase Hosting.
   During the preview, support is best-effort and breaking changes can be expected. Proceed with caution.

   Documentation: https://firebase.google.com/docs/hosting/frameworks/nextjs
   File a bug: https://github.com/firebase/firebase-tools/issues/new?template=bug_report.md
   Submit a feature request: https://github.com/firebase/firebase-tools/issues/new?template=feature_request.md

   We'd love to learn from you. Express your interest in helping us shape the future of Firebase Hosting: https://goo.gle/41enW5X

[info]    Linting and checking validity of types ...

[info]    ▲ Next.js 14.0.3

[info] 
   Creating an optimized production build ...

[info]  ✓ Compiled successfully

[info]    Collecting page data ...

[info]    Generating static pages (0/14) ...

[info]    Generating static pages (3/14) 

[info]    Generating static pages (6/14) 

[info]    Generating static pages (10/14) 

[info]  ✓ Generating static pages (14/14) 

[info]    Finalizing page optimization ...

[info]    Collecting build traces ...

[info] 

[info] Route (pages)                              Size     First Load JS
┌ ● /                                      4.04 kB         155 kB
├   /_app                                  0 B             149 kB
├ ○ /404                                   182 B           149 kB
├ ● /about-us                              9.83 kB         163 kB
├   └ css/357b8206cb90c9f6.css             133 B
├ ● /our-work                              2.3 kB          151 kB
└ ● /services                              1.96 kB         157 kB
+ First Load JS shared by all              153 kB
  ├ chunks/framework-04b2df298aee5fa5.js   45.2 kB
  ├ chunks/main-7eab2939788499bd.js        32.4 kB
  ├ chunks/pages/_app-48b2069ee9aad34e.js  70 kB
  ├ chunks/webpack-c4acd79e87956a0e.js     943 B
  └ css/aa31072f696b3a68.css               4.54 kB


[info] ○  (Static)  prerendered as static content
●  (SSG)     prerendered as static HTML (uses getStaticProps)


[info] Building a Cloud Function to run this application. This is needed due to:
[info]  • Image Optimization
[info]  • non-static route /about-us
[info]  • non-static route /our-work
[info]  • non-static route /services
[info]  • non-static route /
[info] 
[debug] [2023-12-01T12:34:25.795Z] [web frameworks] effective firebase.json:  {
  "hosting": [
    {
      "source": ".",
      "ignore": [
        "firebase.json",
        "**/.*",
        "**/node_modules/**"
      ],
      "frameworksBackend": {
        "region": "europe-west1",
        "maxInstances": 10
      },
      "site": "quality-team-857ee",
      "rewrites": [
        {
          "source": "**",
          "function": {
            "functionId": "ssrqualityteam857ee",
            "region": "europe-west1",
            "pinTag": true
          }
        }
      ],
      "redirects": [],
      "headers": [
        {
          "source": "**/*.[jt]s",
          "headers": [
            {
              "key": "Set-Cookie",
              "value": "__FIREBASE_DEFAULTS__=eyJjb25maWciOnsicHJvamVjdElkIjoicXVhbGl0eS10ZWFtLTg1N2VlIiwiYXBwSWQiOiIxOjM3ODcyODg5OTIzNjp3ZWI6MWExM2JkZTgwZDgwNGZkM2Y2YmMzMSIsInN0b3JhZ2VCdWNrZXQiOiJxdWFsaXR5LXRlYW0tODU3ZWUuYXBwc3BvdC5jb20iLCJhcGlLZXkiOiJBSXphU3lCcEh0ZzJ2c1VaRVU1MnVpSW1sVDNjcDB1ZW1mQmlqcGsiLCJhdXRoRG9tYWluIjoicXVhbGl0eS10ZWFtLTg1N2VlLmZpcmViYXNlYXBwLmNvbSIsIm1lc3NhZ2luZ1NlbmRlcklkIjoiMzc4NzI4ODk5MjM2IiwibWVhc3VyZW1lbnRJZCI6IkctV0RUQzZOMTdYNCJ9LCJfYXV0aFRva2VuU3luY1VSTCI6Ii9fX3Nlc3Npb24ifQ; SameSite=Strict; Expires=2025-10-25T23:14:25.795Z; Path=/;"
            }
          ]
        }
      ],
      "cleanUrls": true,
      "trailingSlash": false,
      "i18n": {
        "root": "/"
      },
      "public": ".firebase/quality-team-857ee/hosting",
      "webFramework": "next_ssr"
    }
  ],
  "functions": [
    {
      "source": ".firebase/quality-team-857ee/functions",
      "codebase": "firebase-frameworks-quality-team-857ee"
    }
  ]
}
[debug] [2023-12-01T12:34:25.795Z] > command requires scopes: ["email","openid","https://www.googleapis.com/auth/cloudplatformprojects.readonly","https://www.googleapis.com/auth/firebase","https://www.googleapis.com/auth/cloud-platform"]
[debug] [2023-12-01T12:34:25.795Z] > authorizing via signed-in user (ismail.merced3@gmail.com)
[debug] [2023-12-01T12:34:25.795Z] [iam] checking project quality-team-857ee for permissions ["cloudfunctions.functions.create","cloudfunctions.functions.delete","cloudfunctions.functions.get","cloudfunctions.functions.list","cloudfunctions.functions.update","cloudfunctions.operations.get","firebase.projects.get"]
[debug] [2023-12-01T12:34:25.795Z] >>> [apiv2][query] POST https://cloudresourcemanager.googleapis.com/v1/projects/quality-team-857ee:testIamPermissions [none]
[debug] [2023-12-01T12:34:25.795Z] >>> [apiv2][(partial)header] POST https://cloudresourcemanager.googleapis.com/v1/projects/quality-team-857ee:testIamPermissions x-goog-quota-user=projects/quality-team-857ee
[debug] [2023-12-01T12:34:25.795Z] >>> [apiv2][body] POST https://cloudresourcemanager.googleapis.com/v1/projects/quality-team-857ee:testIamPermissions {"permissions":["cloudfunctions.functions.create","cloudfunctions.functions.delete","cloudfunctions.functions.get","cloudfunctions.functions.list","cloudfunctions.functions.update","cloudfunctions.operations.get","firebase.projects.get"]}
[debug] [2023-12-01T12:34:26.989Z] <<< [apiv2][status] POST https://cloudresourcemanager.googleapis.com/v1/projects/quality-team-857ee:testIamPermissions 200
[debug] [2023-12-01T12:34:26.989Z] <<< [apiv2][body] POST https://cloudresourcemanager.googleapis.com/v1/projects/quality-team-857ee:testIamPermissions {"permissions":["cloudfunctions.functions.create","cloudfunctions.functions.delete","cloudfunctions.functions.get","cloudfunctions.functions.list","cloudfunctions.functions.update","cloudfunctions.operations.get","firebase.projects.get"]}
[info] 
[info] === Deploying to 'quality-team-857ee'...
[info] 
[info] i  deploying functions, hosting 
[debug] [2023-12-01T12:34:26.994Z] >>> [apiv2][query] GET https://firebase.googleapis.com/v1beta1/projects/quality-team-857ee [none]
[debug] [2023-12-01T12:34:27.456Z] <<< [apiv2][status] GET https://firebase.googleapis.com/v1beta1/projects/quality-team-857ee 200
[debug] [2023-12-01T12:34:27.456Z] <<< [apiv2][body] GET https://firebase.googleapis.com/v1beta1/projects/quality-team-857ee {"projectId":"quality-team-857ee","projectNumber":"378728899236","displayName":"quality-team","name":"projects/quality-team-857ee","resources":{"hostingSite":"quality-team-857ee"},"state":"ACTIVE","etag":"1_8a109eaf-f78e-4a95-a190-b40eafda856b"}
[info] i  functions: preparing codebase firebase-frameworks-quality-team-857ee for deployment 
[info] i  functions: ensuring required API cloudfunctions.googleapis.com is enabled... 
[info] i  functions: ensuring required API cloudbuild.googleapis.com is enabled... 
[info] i  artifactregistry: ensuring required API artifactregistry.googleapis.com is enabled... 
[debug] [2023-12-01T12:34:27.460Z] >>> [apiv2][query] GET https://serviceusage.googleapis.com/v1/projects/quality-team-857ee/services/cloudfunctions.googleapis.com [none]
[debug] [2023-12-01T12:34:27.461Z] >>> [apiv2][(partial)header] GET https://serviceusage.googleapis.com/v1/projects/quality-team-857ee/services/cloudfunctions.googleapis.com x-goog-quota-user=projects/quality-team-857ee
[debug] [2023-12-01T12:34:27.464Z] >>> [apiv2][query] GET https://serviceusage.googleapis.com/v1/projects/quality-team-857ee/services/runtimeconfig.googleapis.com [none]
[debug] [2023-12-01T12:34:27.464Z] >>> [apiv2][(partial)header] GET https://serviceusage.googleapis.com/v1/projects/quality-team-857ee/services/runtimeconfig.googleapis.com x-goog-quota-user=projects/quality-team-857ee
[debug] [2023-12-01T12:34:27.467Z] >>> [apiv2][query] GET https://serviceusage.googleapis.com/v1/projects/quality-team-857ee/services/cloudbuild.googleapis.com [none]
[debug] [2023-12-01T12:34:27.467Z] >>> [apiv2][(partial)header] GET https://serviceusage.googleapis.com/v1/projects/quality-team-857ee/services/cloudbuild.googleapis.com x-goog-quota-user=projects/quality-team-857ee
[debug] [2023-12-01T12:34:27.469Z] >>> [apiv2][query] GET https://serviceusage.googleapis.com/v1/projects/quality-team-857ee/services/artifactregistry.googleapis.com [none]
[debug] [2023-12-01T12:34:27.469Z] >>> [apiv2][(partial)header] GET https://serviceusage.googleapis.com/v1/projects/quality-team-857ee/services/artifactregistry.googleapis.com x-goog-quota-user=projects/quality-team-857ee
[debug] [2023-12-01T12:34:28.428Z] <<< [apiv2][status] GET https://serviceusage.googleapis.com/v1/projects/quality-team-857ee/services/cloudfunctions.googleapis.com 200
[debug] [2023-12-01T12:34:28.429Z] <<< [apiv2][body] GET https://serviceusage.googleapis.com/v1/projects/quality-team-857ee/services/cloudfunctions.googleapis.com [omitted]
[info] ✔  functions: required API cloudfunctions.googleapis.com is enabled 
[debug] [2023-12-01T12:34:28.842Z] <<< [apiv2][status] GET https://serviceusage.googleapis.com/v1/projects/quality-team-857ee/services/cloudbuild.googleapis.com 200
[debug] [2023-12-01T12:34:28.843Z] <<< [apiv2][body] GET https://serviceusage.googleapis.com/v1/projects/quality-team-857ee/services/cloudbuild.googleapis.com [omitted]
[info] ✔  functions: required API cloudbuild.googleapis.com is enabled 
[debug] [2023-12-01T12:34:28.843Z] <<< [apiv2][status] GET https://serviceusage.googleapis.com/v1/projects/quality-team-857ee/services/artifactregistry.googleapis.com 200
[debug] [2023-12-01T12:34:28.843Z] <<< [apiv2][body] GET https://serviceusage.googleapis.com/v1/projects/quality-team-857ee/services/artifactregistry.googleapis.com [omitted]
[info] ✔  artifactregistry: required API artifactregistry.googleapis.com is enabled 
[debug] [2023-12-01T12:34:28.844Z] <<< [apiv2][status] GET https://serviceusage.googleapis.com/v1/projects/quality-team-857ee/services/runtimeconfig.googleapis.com 200
[debug] [2023-12-01T12:34:28.844Z] <<< [apiv2][body] GET https://serviceusage.googleapis.com/v1/projects/quality-team-857ee/services/runtimeconfig.googleapis.com [omitted]
[debug] [2023-12-01T12:34:28.845Z] >>> [apiv2][query] GET https://firebase.googleapis.com/v1beta1/projects/quality-team-857ee/adminSdkConfig [none]
[debug] [2023-12-01T12:34:29.303Z] <<< [apiv2][status] GET https://firebase.googleapis.com/v1beta1/projects/quality-team-857ee/adminSdkConfig 200
[debug] [2023-12-01T12:34:29.303Z] <<< [apiv2][body] GET https://firebase.googleapis.com/v1beta1/projects/quality-team-857ee/adminSdkConfig {"projectId":"quality-team-857ee","storageBucket":"quality-team-857ee.appspot.com"}
[debug] [2023-12-01T12:34:29.304Z] >>> [apiv2][query] GET https://runtimeconfig.googleapis.com/v1beta1/projects/quality-team-857ee/configs [none]
[debug] [2023-12-01T12:34:29.912Z] <<< [apiv2][status] GET https://runtimeconfig.googleapis.com/v1beta1/projects/quality-team-857ee/configs 200
[debug] [2023-12-01T12:34:29.913Z] <<< [apiv2][body] GET https://runtimeconfig.googleapis.com/v1beta1/projects/quality-team-857ee/configs {}
[debug] [2023-12-01T12:34:29.916Z] Validating nodejs source
[debug] [2023-12-01T12:34:30.566Z] > [functions] package.json contents: {
  "name": "quality-team",
  "version": "0.1.0",
  "private": true,
  "dependencies": {
    "@radix-ui/colors": "^3.0.0",
    "@radix-ui/react-accordion": "^1.1.2",
    "@radix-ui/react-avatar": "^1.0.4",
    "@radix-ui/react-dialog": "^1.0.5",
    "@radix-ui/react-navigation-menu": "^1.1.4",
    "classnames": "^2.3.2",
    "firebase": "^10.7.0",
    "framer-motion": "^10.16.5",
    "i18next": "^23.7.7",
    "next": "14.0.3",
    "next-i18next": "^15.0.0",
    "react": "^18",
    "react-dom": "^18",
    "react-i18next": "^13.5.0",
    "react-icons": "^4.12.0",
    "react-redux": "^8.1.3",
    "react-responsive": "^9.0.2",
    "tailwind-gradient-mask-image": "^1.1.0",
    "sharp": "^0.32.1",
    "firebase-frameworks": "^0.10.4",
    "firebase-functions": "^4.3.0",
    "firebase-admin": "^11.0.1"
  },
  "main": "server.js",
  "engines": {
    "node": "18"
  }
}
[debug] [2023-12-01T12:34:30.566Z] Building nodejs source
[info] i  functions: Loading and analyzing source code for codebase firebase-frameworks-quality-team-857ee to determine what to deploy 
[debug] [2023-12-01T12:34:30.566Z] Could not find functions.yaml. Must use http discovery
[debug] [2023-12-01T12:34:30.572Z] Found firebase-functions binary at '/Users/ismailsalah/Desktop/quality-team/.firebase/quality-team-857ee/functions/node_modules/.bin/firebase-functions'
[info] Serving at port 8275

[debug] [2023-12-01T12:34:30.856Z] Got response from /__/functions.yaml {"endpoints":{"ssrqualityteam857ee":{"availableMemoryMb":null,"timeoutSeconds":null,"minInstances":null,"maxInstances":10,"ingressSettings":null,"concurrency":null,"serviceAccountEmail":null,"vpc":null,"platform":"gcfv2","region":["europe-west1"],"labels":{},"httpsTrigger":{},"entryPoint":"ssrqualityteam857ee"}},"specVersion":"v1alpha1","requiredAPIs":[]}
[info] i  functions: Loaded environment variables from .env. 
[info] i  functions: preparing .firebase/quality-team-857ee/functions directory for uploading... 
[info] i  functions: packaged /Users/ismailsalah/Desktop/quality-team/.firebase/quality-team-857ee/functions (167.2 MB) for uploading 
[debug] [2023-12-01T12:34:35.065Z] >>> [apiv2][query] GET https://cloudfunctions.googleapis.com/v1/projects/quality-team-857ee/locations/-/functions [none]
[debug] [2023-12-01T12:34:35.995Z] <<< [apiv2][status] GET https://cloudfunctions.googleapis.com/v1/projects/quality-team-857ee/locations/-/functions 200
[debug] [2023-12-01T12:34:35.995Z] <<< [apiv2][body] GET https://cloudfunctions.googleapis.com/v1/projects/quality-team-857ee/locations/-/functions {}
[debug] [2023-12-01T12:34:35.997Z] >>> [apiv2][query] GET https://cloudfunctions.googleapis.com/v2/projects/quality-team-857ee/locations/-/functions filter=environment%3D%22GEN_2%22
[debug] [2023-12-01T12:34:36.810Z] <<< [apiv2][status] GET https://cloudfunctions.googleapis.com/v2/projects/quality-team-857ee/locations/-/functions 200
[debug] [2023-12-01T12:34:36.811Z] <<< [apiv2][body] GET https://cloudfunctions.googleapis.com/v2/projects/quality-team-857ee/locations/-/functions {"functions":[{"name":"projects/quality-team-857ee/locations/europe-west1/functions/ssrqualityteam857ee","buildConfig":{"build":"projects/378728899236/locations/europe-west1/builds/7273d1c5-99ff-4c57-9e15-4c6f9cc8fd7d","runtime":"nodejs18","entryPoint":"ssrqualityteam857ee","source":{"storageSource":{"bucket":"gcf-v2-sources-378728899236-europe-west1","object":"ssrqualityteam857ee/function-source.zip","generation":"1701361567903036"}},"environmentVariables":{"GOOGLE_NODE_RUN_SCRIPTS":""},"sourceProvenance":{"resolvedStorageSource":{"bucket":"gcf-v2-sources-378728899236-europe-west1","object":"ssrqualityteam857ee/function-source.zip","generation":"1701361567903036"}},"dockerRegistry":"ARTIFACT_REGISTRY"},"serviceConfig":{"service":"projects/quality-team-857ee/locations/europe-west1/services/ssrqualityteam857ee","timeoutSeconds":60,"environmentVariables":{"__FIREBASE_FRAMEWORKS_ENTRY__":"next.js","__FIREBASE_DEFAULTS__":"{\"config\":{\"projectId\":\"quality-team-857ee\",\"appId\":\"1:378728899236:web:1a13bde80d804fd3f6bc31\",\"storageBucket\":\"quality-team-857ee.appspot.com\",\"apiKey\":\"AIzaSyBpHtg2vsUZEU52uiImlT3cp0uemfBijpk\",\"authDomain\":\"quality-team-857ee.firebaseapp.com\",\"messagingSenderId\":\"378728899236\"},\"_authTokenSyncURL\":\"/__session\"}","FIREBASE_CONFIG":"{\"projectId\":\"quality-team-857ee\",\"storageBucket\":\"quality-team-857ee.appspot.com\"}","GCLOUD_PROJECT":"quality-team-857ee","EVENTARC_CLOUD_EVENT_SOURCE":"projects/quality-team-857ee/locations/europe-west1/services/ssrqualityteam857ee","FUNCTION_TARGET":"ssrqualityteam857ee"},"maxInstanceCount":10,"ingressSettings":"ALLOW_ALL","uri":"https://ssrqualityteam857ee-uzkzaww5ta-ew.a.run.app","serviceAccountEmail":"378728899236-compute@developer.gserviceaccount.com","availableMemory":"256Mi","allTrafficOnLatestRevision":true,"revision":"ssrqualityteam857ee-00005-daj","maxInstanceRequestConcurrency":80,"availableCpu":"1"},"state":"ACTIVE","updateTime":"2023-11-30T16:29:17.782112312Z","labels":{"firebase-functions-codebase":"firebase-frameworks-quality-team-857ee","firebase-functions-hash":"31f61987e90c6532889b42d0b36a722d7d07cc42","deployment-tool":"cli-firebase"},"environment":"GEN_2","url":"https://europe-west1-quality-team-857ee.cloudfunctions.net/ssrqualityteam857ee"}]}
[info] i  functions: ensuring required API run.googleapis.com is enabled... 
[info] i  functions: ensuring required API eventarc.googleapis.com is enabled... 
[info] i  functions: ensuring required API pubsub.googleapis.com is enabled... 
[info] i  functions: ensuring required API storage.googleapis.com is enabled... 
[debug] [2023-12-01T12:34:36.817Z] >>> [apiv2][query] GET https://serviceusage.googleapis.com/v1/projects/quality-team-857ee/services/run.googleapis.com [none]
[debug] [2023-12-01T12:34:36.817Z] >>> [apiv2][(partial)header] GET https://serviceusage.googleapis.com/v1/projects/quality-team-857ee/services/run.googleapis.com x-goog-quota-user=projects/quality-team-857ee
[debug] [2023-12-01T12:34:36.819Z] >>> [apiv2][query] GET https://serviceusage.googleapis.com/v1/projects/quality-team-857ee/services/eventarc.googleapis.com [none]
[debug] [2023-12-01T12:34:36.819Z] >>> [apiv2][(partial)header] GET https://serviceusage.googleapis.com/v1/projects/quality-team-857ee/services/eventarc.googleapis.com x-goog-quota-user=projects/quality-team-857ee
[debug] [2023-12-01T12:34:36.820Z] >>> [apiv2][query] GET https://serviceusage.googleapis.com/v1/projects/quality-team-857ee/services/pubsub.googleapis.com [none]
[debug] [2023-12-01T12:34:36.820Z] >>> [apiv2][(partial)header] GET https://serviceusage.googleapis.com/v1/projects/quality-team-857ee/services/pubsub.googleapis.com x-goog-quota-user=projects/quality-team-857ee
[debug] [2023-12-01T12:34:36.822Z] >>> [apiv2][query] GET https://serviceusage.googleapis.com/v1/projects/quality-team-857ee/services/storage.googleapis.com [none]
[debug] [2023-12-01T12:34:36.822Z] >>> [apiv2][(partial)header] GET https://serviceusage.googleapis.com/v1/projects/quality-team-857ee/services/storage.googleapis.com x-goog-quota-user=projects/quality-team-857ee
[debug] [2023-12-01T12:34:37.999Z] <<< [apiv2][status] GET https://serviceusage.googleapis.com/v1/projects/quality-team-857ee/services/eventarc.googleapis.com 200
[debug] [2023-12-01T12:34:37.999Z] <<< [apiv2][body] GET https://serviceusage.googleapis.com/v1/projects/quality-team-857ee/services/eventarc.googleapis.com [omitted]
[info] ✔  functions: required API eventarc.googleapis.com is enabled 
[debug] [2023-12-01T12:34:38.001Z] <<< [apiv2][status] GET https://serviceusage.googleapis.com/v1/projects/quality-team-857ee/services/pubsub.googleapis.com 200
[debug] [2023-12-01T12:34:38.001Z] <<< [apiv2][body] GET https://serviceusage.googleapis.com/v1/projects/quality-team-857ee/services/pubsub.googleapis.com [omitted]
[info] ✔  functions: required API pubsub.googleapis.com is enabled 
[debug] [2023-12-01T12:34:38.001Z] <<< [apiv2][status] GET https://serviceusage.googleapis.com/v1/projects/quality-team-857ee/services/run.googleapis.com 200
[debug] [2023-12-01T12:34:38.002Z] <<< [apiv2][body] GET https://serviceusage.googleapis.com/v1/projects/quality-team-857ee/services/run.googleapis.com [omitted]
[info] ✔  functions: required API run.googleapis.com is enabled 
[debug] [2023-12-01T12:34:38.003Z] <<< [apiv2][status] GET https://serviceusage.googleapis.com/v1/projects/quality-team-857ee/services/storage.googleapis.com 200
[debug] [2023-12-01T12:34:38.003Z] <<< [apiv2][body] GET https://serviceusage.googleapis.com/v1/projects/quality-team-857ee/services/storage.googleapis.com [omitted]
[info] ✔  functions: required API storage.googleapis.com is enabled 
[info] i  functions: generating the service identity for pubsub.googleapis.com... 
[info] i  functions: generating the service identity for eventarc.googleapis.com... 
[debug] [2023-12-01T12:34:38.004Z] >>> [apiv2][query] POST https://serviceusage.googleapis.com/v1beta1/projects/378728899236/services/pubsub.googleapis.com:generateServiceIdentity [none]
[debug] [2023-12-01T12:34:38.006Z] >>> [apiv2][query] POST https://serviceusage.googleapis.com/v1beta1/projects/378728899236/services/eventarc.googleapis.com:generateServiceIdentity [none]
